Release 8.2i Map I.31
Xilinx Mapping Report File for Design 'game'

Design Information
------------------
Command Line   : D:\Xilinx\bin\nt\map.exe -ise E:/game/game.ise -intstyle ise -p
xc3s100e-tq144-4 -cm area -pr b -k 4 -c 100 -o game_map.ncd game.ngd game.pcf 
Target Device  : xc3s100e
Target Package : tq144
Target Speed   : -4
Mapper Version : spartan3e -- $Revision: 1.34.32.1 $
Mapped Date    : Tue Dec 04 13:58:05 2007

Design Summary
--------------
Number of errors:      0
Number of warnings:    1
Logic Utilization:
  Total Number Slice Registers:        76 out of   1,920    3%
    Number used as Flip Flops:                    28
    Number used as Latches:                       48
  Number of 4 input LUTs:           1,039 out of   1,920   54%
Logic Distribution:
  Number of occupied Slices:                          574 out of     960   59%
    Number of Slices containing only related logic:     574 out of     574  100%
    Number of Slices containing unrelated logic:          0 out of     574    0%
      *See NOTES below for an explanation of the effects of unrelated logic
Total Number 4 input LUTs:          1,079 out of   1,920   56%
  Number used as logic:              1,039
  Number used as a route-thru:          40
  Number of bonded IOBs:               25 out of     108   23%
    IOB Flip Flops:                     7
  Number of GCLKs:                     3 out of      24   12%

Total equivalent gate count for design:  10,630
Additional JTAG gate count for IOBs:  1,200
Peak Memory Usage:  158 MB

NOTES:

   Related logic is defined as being logic that shares connectivity - e.g. two
   LUTs are "related" if they share common inputs.  When assembling slices,
   Map gives priority to combine logic that is related.  Doing so results in
   the best timing performance.

   Unrelated logic shares no connectivity.  Map will only begin packing
   unrelated logic into a slice once 99% of the slices are occupied through
   related logic packing.

   Note that once logic distribution reaches the 99% level through related
   logic packing, this does not mean the device is completely utilized.
   Unrelated logic packing will then begin, continuing until all usable LUTs
   and FFs are occupied.  Depending on your timing budget, increased levels of
   unrelated logic packing may adversely affect the overall timing performance
   of your design.

Table of Contents
-----------------
Section 1 - Errors
Section 2 - Warnings
Section 3 - Informational
Section 4 - Removed Logic Summary
Section 5 - Removed Logic
Section 6 - IOB Properties
Section 7 - RPMs
Section 8 - Guide Report
Section 9 - Area Group and Partition Summary
Section 10 - Modular Design Summary
Section 11 - Timing Report
Section 12 - Configuration String Information

Section 1 - Errors
------------------

Section 2 - Warnings
--------------------
WARNING:PhysDesignRules:372 - Gated clock. Clock net _not0025 is sourced by a
   combinatorial pin. This is not good design practice. Use the CE pin to
   control the loading of data into the flip-flop.

Section 3 - Informational
-------------------------
INFO:MapLib:562 - No environment variables are currently set.
INFO:MapLib:535 - The following Virtex BUFG(s) is/are being retargetted to
   Virtex2 BUFGMUX(s) with input tied to I0 and Select pin tied to constant 0:
   BUFG symbol "_cmp_gt0000_BUFG" (output signal=_cmp_gt0000),
   BUFGP symbol "clk_BUFGP" (output signal=clk_BUFGP),
   BUFGP symbol "reset_BUFGP" (output signal=reset_BUFGP)
INFO:MapLib:533 - The following XORCY(s) is/are demoted to LUTs because there is
   no MUXCY associated with them. Therefore, we cannot recognize the standard
   carry chain structure (5 of 9 are listed):
   XORCY symbol "Madd__sub0000_xor<1>" (output signal=_sub0000<1>),
   XORCY symbol "Madd__sub0001_xor<1>" (output signal=_sub0001<1>),
   XORCY symbol "Madd__sub0002_xor<1>" (output signal=_sub0002<1>),
   XORCY symbol "Madd__sub0003_xor<1>" (output signal=_sub0003<1>),
   XORCY symbol "Madd__sub0004_xor<1>" (output signal=_sub0004<1>)
INFO:LIT:244 - All of the single ended outputs in this design are using slew
   rate limited output drivers. The delay on speed critical single ended outputs
   can be dramatically reduced by designating them as fast outputs in the
   schematic.

Section 4 - Removed Logic Summary
---------------------------------
   2 block(s) optimized away

Section 5 - Removed Logic
-------------------------

Optimized Block(s):
TYPE 		BLOCK
GND 		XST_GND
VCC 		XST_VCC

To enable printing of redundant blocks removed and signals merged, set the
detailed map report option and rerun map.

Section 6 - IOB Properties
--------------------------

+-----------------------------------------------------------------------------------------------------------------------------------------+
| IOB Name                           | IOB Type         | Direction | IO Standard | Drive    | Slew | Reg (s)      | Resistor | IBUF/IFD  |
|                                    |                  |           |             | Strength | Rate |              |          | Delay     |
+-----------------------------------------------------------------------------------------------------------------------------------------+
| an<0>                              | IOB              | OUTPUT    | LVCMOS25    | 12       | SLOW |              |          | 0 / 0     |
| an<1>                              | IOB              | OUTPUT    | LVCMOS25    | 12       | SLOW |              |          | 0 / 0     |
| an<2>                              | IOB              | OUTPUT    | LVCMOS25    | 12       | SLOW |              |          | 0 / 0     |
| an<3>                              | IOB              | OUTPUT    | LVCMOS25    | 12       | SLOW |              |          | 0 / 0     |
| clk                                | IBUF             | INPUT     | LVCMOS25    |          |      |              |          | 0 / 0     |
| led<0>                             | IOB              | OUTPUT    | LVCMOS25    | 12       | SLOW |              |          | 0 / 0     |
| led<1>                             | IOB              | OUTPUT    | LVCMOS25    | 12       | SLOW |              |          | 0 / 0     |
| led<2>                             | IOB              | OUTPUT    | LVCMOS25    | 12       | SLOW |              |          | 0 / 0     |
| led<3>                             | IOB              | OUTPUT    | LVCMOS25    | 12       | SLOW |              |          | 0 / 0     |
| led<4>                             | IOB              | OUTPUT    | LVCMOS25    | 12       | SLOW |              |          | 0 / 0     |
| led<5>                             | IOB              | OUTPUT    | LVCMOS25    | 12       | SLOW |              |          | 0 / 0     |
| led<6>                             | IOB              | OUTPUT    | LVCMOS25    | 12       | SLOW |              |          | 0 / 0     |
| led<7>                             | IOB              | OUTPUT    | LVCMOS25    | 12       | SLOW |              |          | 0 / 0     |
| press<0>                           | IBUF             | INPUT     | LVCMOS25    |          |      |              |          | 0 / 0     |
| press<1>                           | IBUF             | INPUT     | LVCMOS25    |          |      |              |          | 0 / 0     |
| press<2>                           | IBUF             | INPUT     | LVCMOS25    |          |      |              |          | 0 / 0     |
| press<3>                           | IBUF             | INPUT     | LVCMOS25    |          |      |              |          | 0 / 0     |
| reset                              | IBUF             | INPUT     | LVCMOS25    |          |      |              |          | 0 / 0     |
| seg<0>                             | IOB              | OUTPUT    | LVCMOS25    | 12       | SLOW | OFF1         |          | 0 / 0     |
| seg<1>                             | IOB              | OUTPUT    | LVCMOS25    | 12       | SLOW | OFF1         |          | 0 / 0     |
| seg<2>                             | IOB              | OUTPUT    | LVCMOS25    | 12       | SLOW | OFF1         |          | 0 / 0     |
| seg<3>                             | IOB              | OUTPUT    | LVCMOS25    | 12       | SLOW | OFF1         |          | 0 / 0     |
| seg<4>                             | IOB              | OUTPUT    | LVCMOS25    | 12       | SLOW | OFF1         |          | 0 / 0     |
| seg<5>                             | IOB              | OUTPUT    | LVCMOS25    | 12       | SLOW | OFF1         |          | 0 / 0     |
| seg<6>                             | IOB              | OUTPUT    | LVCMOS25    | 12       | SLOW | OFF1         |          | 0 / 0     |
+-----------------------------------------------------------------------------------------------------------------------------------------+

Section 7 - RPMs
----------------

Section 8 - Guide Report
------------------------
Guide not run on this design.

Section 9 - Area Group and Partition Summary
--------------------------------------------

Partition Implementation Status
-------------------------------

  No Partitions were found in this design.

-------------------------------

Area Group Information
----------------------

  No area groups were found in this design.

----------------------

Section 10 - Modular Design Summary
-----------------------------------
Modular Design not used for this design.

Section 11 - Timing Report
--------------------------
This design was not run using timing mode.

Section 12 - Configuration String Details
-----------------------------------------
Use the "-detail" map option to print out Configuration Strings
