--------------------------------------------------------------------------------
Release 8.2i Trace 
Copyright (c) 1995-2006 Xilinx, Inc.  All rights reserved.

D:\Xilinx\bin\nt\trce.exe -ise E:/game/game.ise -intstyle ise -e 3 -l 3 -s 4
-xml game game.ncd -o game.twr game.pcf -ucf game.ucf

Design file:              game.ncd
Physical constraint file: game.pcf
Device,speed:             xc3s100e,-4 (PRODUCTION 1.23 2006-05-10)
Report level:             error report

Environment Variable      Effect 
--------------------      ------ 
NONE                      No environment variables were set
--------------------------------------------------------------------------------

INFO:Timing:2698 - No timing constraints found, doing default enumeration.
INFO:Timing:2752 - To get complete path coverage, use the unconstrained paths 
   option. All paths that are not constrained will be reported in the 
   unconstrained paths section(s) of the report.



Data Sheet report:
-----------------
All values displayed in nanoseconds (ns)

Clock clk to Pad
------------+------------+------------------+--------+
            | clk (edge) |                  | Clock  |
Destination |   to PAD   |Internal Clock(s) | Phase  |
------------+------------+------------------+--------+
an<0>       |    7.754(R)|clk_BUFGP         |   0.000|
an<1>       |    7.965(R)|clk_BUFGP         |   0.000|
seg<0>      |    6.022(R)|clk_BUFGP         |   0.000|
seg<1>      |    6.024(R)|clk_BUFGP         |   0.000|
seg<2>      |    6.022(R)|clk_BUFGP         |   0.000|
seg<3>      |    6.024(R)|clk_BUFGP         |   0.000|
seg<4>      |    6.024(R)|clk_BUFGP         |   0.000|
seg<5>      |    6.024(R)|clk_BUFGP         |   0.000|
seg<6>      |    6.025(R)|clk_BUFGP         |   0.000|
------------+------------+------------------+--------+

Clock reset to Pad
------------+------------+------------------+--------+
            | clk (edge) |                  | Clock  |
Destination |   to PAD   |Internal Clock(s) | Phase  |
------------+------------+------------------+--------+
led<0>      |    9.482(F)|reset_BUFGP       |   0.000|
led<1>      |    9.306(F)|reset_BUFGP       |   0.000|
led<2>      |    9.798(F)|reset_BUFGP       |   0.000|
led<3>      |    9.438(F)|reset_BUFGP       |   0.000|
led<4>      |   12.069(F)|reset_BUFGP       |   0.000|
led<5>      |   11.982(F)|reset_BUFGP       |   0.000|
led<6>      |   12.040(F)|reset_BUFGP       |   0.000|
led<7>      |   11.621(F)|reset_BUFGP       |   0.000|
------------+------------+------------------+--------+

Clock to Setup on destination clock clk
---------------+---------+---------+---------+---------+
               | Src:Rise| Src:Fall| Src:Rise| Src:Fall|
Source Clock   |Dest:Rise|Dest:Rise|Dest:Fall|Dest:Fall|
---------------+---------+---------+---------+---------+
clk            |    5.268|         |         |         |
---------------+---------+---------+---------+---------+

Clock to Setup on destination clock press<0>
---------------+---------+---------+---------+---------+
               | Src:Rise| Src:Fall| Src:Rise| Src:Fall|
Source Clock   |Dest:Rise|Dest:Rise|Dest:Fall|Dest:Fall|
---------------+---------+---------+---------+---------+
press<0>       |         |         |         |    3.750|
press<1>       |         |         |         |    3.750|
press<2>       |         |         |         |    3.750|
press<3>       |         |         |         |    3.750|
---------------+---------+---------+---------+---------+

Clock to Setup on destination clock press<1>
---------------+---------+---------+---------+---------+
               | Src:Rise| Src:Fall| Src:Rise| Src:Fall|
Source Clock   |Dest:Rise|Dest:Rise|Dest:Fall|Dest:Fall|
---------------+---------+---------+---------+---------+
press<0>       |         |         |         |    3.750|
press<1>       |         |         |         |    3.750|
press<2>       |         |         |         |    3.750|
press<3>       |         |         |         |    3.750|
---------------+---------+---------+---------+---------+

Clock to Setup on destination clock press<2>
---------------+---------+---------+---------+---------+
               | Src:Rise| Src:Fall| Src:Rise| Src:Fall|
Source Clock   |Dest:Rise|Dest:Rise|Dest:Fall|Dest:Fall|
---------------+---------+---------+---------+---------+
press<0>       |         |         |         |    3.750|
press<1>       |         |         |         |    3.750|
press<2>       |         |         |         |    3.750|
press<3>       |         |         |         |    3.750|
---------------+---------+---------+---------+---------+

Clock to Setup on destination clock press<3>
---------------+---------+---------+---------+---------+
               | Src:Rise| Src:Fall| Src:Rise| Src:Fall|
Source Clock   |Dest:Rise|Dest:Rise|Dest:Fall|Dest:Fall|
---------------+---------+---------+---------+---------+
press<0>       |         |         |         |    3.750|
press<1>       |         |         |         |    3.750|
press<2>       |         |         |         |    3.750|
press<3>       |         |         |         |    3.750|
---------------+---------+---------+---------+---------+

Clock to Setup on destination clock reset
---------------+---------+---------+---------+---------+
               | Src:Rise| Src:Fall| Src:Rise| Src:Fall|
Source Clock   |Dest:Rise|Dest:Rise|Dest:Fall|Dest:Fall|
---------------+---------+---------+---------+---------+
clk            |         |         |    2.883|         |
reset          |         |         |         |    3.550|
---------------+---------+---------+---------+---------+

Pad to Pad
---------------+---------------+---------+
Source Pad     |Destination Pad|  Delay  |
---------------+---------------+---------+
press<0>       |led<4>         |    8.796|
press<0>       |led<5>         |    9.368|
press<0>       |led<6>         |    9.524|
press<0>       |led<7>         |    9.901|
press<1>       |led<4>         |    8.640|
press<1>       |led<5>         |    9.156|
press<1>       |led<6>         |    9.872|
press<1>       |led<7>         |   10.092|
press<2>       |led<4>         |    8.995|
press<2>       |led<5>         |    8.913|
press<2>       |led<6>         |    9.462|
press<2>       |led<7>         |    9.849|
press<3>       |led<4>         |    7.981|
press<3>       |led<5>         |    7.938|
press<3>       |led<6>         |    9.286|
press<3>       |led<7>         |    8.546|
---------------+---------------+---------+


Analysis completed Tue Dec 04 14:01:29 2007
--------------------------------------------------------------------------------

Trace Settings:
-------------------------
Trace Settings 

Peak Memory Usage: 128 MB



